<?xml version="1.0" encoding="UTF-8"?>
<testsuite name="com.example.demo3.Demo3ApplicationTests" tests="1" skipped="0" failures="0" errors="0" timestamp="2024-04-16T22:39:58" hostname="GAPSI_T14_2" time="1.032">
  <properties/>
  <testcase name="contextLoads()" classname="com.example.demo3.Demo3ApplicationTests" time="1.032"/>
  <system-out><![CDATA[16:39:54.981 [Test worker] INFO org.springframework.test.context.support.AnnotationConfigContextLoaderUtils -- Could not detect default configuration classes for test class [com.example.demo3.Demo3ApplicationTests]: Demo3ApplicationTests does not declare any static, non-private, non-final, nested classes annotated with @Configuration.
16:39:55.153 [Test worker] INFO org.springframework.boot.test.context.SpringBootTestContextBootstrapper -- Found @SpringBootConfiguration com.example.demo3.Demo3Application for test class com.example.demo3.Demo3ApplicationTests

  .   ____          _            __ _ _
 /\\ / ___'_ __ _ _(_)_ __  __ _ \ \ \ \
( ( )\___ | '_ | '_| | '_ \/ _` | \ \ \ \
 \\/  ___)| |_)| | | | | || (_| |  ) ) ) )
  '  |____| .__|_| |_|_| |_\__, | / / / /
 =========|_|==============|___/=/_/_/_/
 :: Spring Boot ::                (v3.2.4)

2024-04-16T16:39:55.925-06:00  INFO 23324 --- [demo3] [    Test worker] c.example.demo3.Demo3ApplicationTests    : Starting Demo3ApplicationTests using Java 21.0.2 with PID 23324 (started by Gerardo J. Mota in C:\Users\Gerardo J. Mota\Desktop\prueba\apps\backend\demo3)
2024-04-16T16:39:55.929-06:00  INFO 23324 --- [demo3] [    Test worker] c.example.demo3.Demo3ApplicationTests    : No active profile set, falling back to 1 default profile: "default"
2024-04-16T16:39:58.129-06:00  INFO 23324 --- [demo3] [    Test worker] c.example.demo3.Demo3ApplicationTests    : Started Demo3ApplicationTests in 2.643 seconds (process running for 4.748)
]]></system-out>
  <system-err><![CDATA[WARNING: A Java agent has been loaded dynamically (C:\Users\Gerardo J. Mota\.gradle\caches\modules-2\files-2.1\net.bytebuddy\byte-buddy-agent\1.14.12\be4984cb6fd1ef1d11f218a648889dfda44b8a15\byte-buddy-agent-1.14.12.jar)
WARNING: If a serviceability tool is in use, please run with -XX:+EnableDynamicAgentLoading to hide this warning
WARNING: If a serviceability tool is not in use, please run with -Djdk.instrument.traceUsage for more information
WARNING: Dynamic loading of agents will be disallowed by default in a future release
]]></system-err>
</testsuite>
