<?xml version="1.0" encoding="UTF-8"?>
<testsuite name="com.example.demo2.Demo2ApplicationTests" tests="1" skipped="0" failures="0" errors="0" timestamp="2024-04-16T22:37:17" hostname="GAPSI_T14_2" time="1.16">
  <properties/>
  <testcase name="contextLoads()" classname="com.example.demo2.Demo2ApplicationTests" time="1.16"/>
  <system-out><![CDATA[16:37:13.630 [Test worker] INFO org.springframework.test.context.support.AnnotationConfigContextLoaderUtils -- Could not detect default configuration classes for test class [com.example.demo2.Demo2ApplicationTests]: Demo2ApplicationTests does not declare any static, non-private, non-final, nested classes annotated with @Configuration.
16:37:13.811 [Test worker] INFO org.springframework.boot.test.context.SpringBootTestContextBootstrapper -- Found @SpringBootConfiguration com.example.demo2.Demo2Application for test class com.example.demo2.Demo2ApplicationTests

  .   ____          _            __ _ _
 /\\ / ___'_ __ _ _(_)_ __  __ _ \ \ \ \
( ( )\___ | '_ | '_| | '_ \/ _` | \ \ \ \
 \\/  ___)| |_)| | | | | || (_| |  ) ) ) )
  '  |____| .__|_| |_|_| |_\__, | / / / /
 =========|_|==============|___/=/_/_/_/
 :: Spring Boot ::                (v3.2.4)

2024-04-16T16:37:14.576-06:00  INFO 22276 --- [demo2] [    Test worker] c.example.demo2.Demo2ApplicationTests    : Starting Demo2ApplicationTests using Java 21.0.2 with PID 22276 (started by Gerardo J. Mota in C:\Users\Gerardo J. Mota\Desktop\prueba\apps\backend\demo2)
2024-04-16T16:37:14.579-06:00  INFO 22276 --- [demo2] [    Test worker] c.example.demo2.Demo2ApplicationTests    : No active profile set, falling back to 1 default profile: "default"
2024-04-16T16:37:17.212-06:00  INFO 22276 --- [demo2] [    Test worker] c.example.demo2.Demo2ApplicationTests    : Started Demo2ApplicationTests in 3.047 seconds (process running for 5.214)
]]></system-out>
  <system-err><![CDATA[WARNING: A Java agent has been loaded dynamically (C:\Users\Gerardo J. Mota\.gradle\caches\modules-2\files-2.1\net.bytebuddy\byte-buddy-agent\1.14.12\be4984cb6fd1ef1d11f218a648889dfda44b8a15\byte-buddy-agent-1.14.12.jar)
WARNING: If a serviceability tool is in use, please run with -XX:+EnableDynamicAgentLoading to hide this warning
WARNING: If a serviceability tool is not in use, please run with -Djdk.instrument.traceUsage for more information
WARNING: Dynamic loading of agents will be disallowed by default in a future release
]]></system-err>
</testsuite>
